[debug] [2023-09-01T22:08:36.669Z] ----------------------------------------------------------------------
[debug] [2023-09-01T22:08:36.677Z] Command:       C:\Program Files\nodejs\node.exe C:\Users\Awosusi Timilehin\AppData\Roaming\npm\node_modules\firebase-tools\lib\bin\firebase.js emulators:start
[debug] [2023-09-01T22:08:36.679Z] CLI Version:   12.5.2
[debug] [2023-09-01T22:08:36.680Z] Platform:      win32
[debug] [2023-09-01T22:08:36.680Z] Node Version:  v16.15.1
[debug] [2023-09-01T22:08:36.814Z] Time:          Fri Sep 01 2023 23:08:36 GMT+0100 (West Africa Standard Time)
[debug] [2023-09-01T22:08:36.815Z] ----------------------------------------------------------------------
[debug] 
[debug] [2023-09-01T22:08:37.603Z] > command requires scopes: ["email","openid","https://www.googleapis.com/auth/cloudplatformprojects.readonly","https://www.googleapis.com/auth/firebase","https://www.googleapis.com/auth/cloud-platform"]
[debug] [2023-09-01T22:08:37.605Z] > authorizing via signed-in user (awosusitimilehin09@gmail.com)
[info] i  emulators: Starting emulators: functions, hosting {"metadata":{"emulator":{"name":"hub"},"message":"Starting emulators: functions, hosting"}}
[debug] [2023-09-01T22:08:37.697Z] [logging] Logging Emulator only supports listening on one address (127.0.0.1). Not listening on ::1
[debug] [2023-09-01T22:08:37.697Z] [hosting] Hosting Emulator only supports listening on one address (127.0.0.1). Not listening on ::1
[debug] [2023-09-01T22:08:37.701Z] assigned listening specs for emulators {"user":{"hub":[{"address":"127.0.0.1","family":"IPv4","port":4400},{"address":"::1","family":"IPv6","port":4400}],"ui":[{"address":"127.0.0.1","family":"IPv4","port":4000},{"address":"::1","family":"IPv6","port":4000}],"logging":[{"address":"127.0.0.1","family":"IPv4","port":4500}],"hosting":[{"address":"127.0.0.1","family":"IPv4","port":5000}]},"metadata":{"message":"assigned listening specs for emulators"}}
[debug] [2023-09-01T22:08:37.826Z] [hub] writing locator at C:\Users\AWOSUS~1\AppData\Local\Temp\hub-fir-clone-f3825.json
[debug] [2023-09-01T22:08:37.974Z] [functions] Functions Emulator only supports listening on one address (127.0.0.1). Not listening on ::1
[debug] [2023-09-01T22:08:37.975Z] [eventarc] Eventarc Emulator only supports listening on one address (127.0.0.1). Not listening on ::1
[debug] [2023-09-01T22:08:37.976Z] late-assigned ports for functions and eventarc emulators {"user":{"hub":[{"address":"127.0.0.1","family":"IPv4","port":4400},{"address":"::1","family":"IPv6","port":4400}],"ui":[{"address":"127.0.0.1","family":"IPv4","port":4000},{"address":"::1","family":"IPv6","port":4000}],"logging":[{"address":"127.0.0.1","family":"IPv4","port":4500}],"hosting":[{"address":"127.0.0.1","family":"IPv4","port":5000}],"functions":[{"address":"127.0.0.1","family":"IPv4","port":5001}],"eventarc":[{"address":"127.0.0.1","family":"IPv4","port":9299}]},"metadata":{"message":"late-assigned ports for functions and eventarc emulators"}}
[warn] !  functions: The following emulators are not running, calls to these services from the Functions emulator will affect production: auth, firestore, database, pubsub, storage {"metadata":{"emulator":{"name":"functions"},"message":"The following emulators are not running, calls to these services from the Functions emulator will affect production: \u001b[1mauth, firestore, database, pubsub, storage\u001b[22m"}}
[debug] [2023-09-01T22:08:38.058Z] defaultcredentials: writing to file C:\Users\Awosusi Timilehin\AppData\Roaming\firebase\awosusitimilehin09_gmail_com_application_default_credentials.json
[debug] [2023-09-01T22:08:38.109Z] Setting GAC to C:\Users\Awosusi Timilehin\AppData\Roaming\firebase\awosusitimilehin09_gmail_com_application_default_credentials.json {"metadata":{"emulator":{"name":"functions"},"message":"Setting GAC to C:\\Users\\Awosusi Timilehin\\AppData\\Roaming\\firebase\\awosusitimilehin09_gmail_com_application_default_credentials.json"}}
[debug] [2023-09-01T22:08:38.113Z] > refreshing access token with scopes: []
[debug] [2023-09-01T22:08:38.123Z] >>> [apiv2][query] POST https://www.googleapis.com/oauth2/v3/token [none]
[debug] [2023-09-01T22:08:38.123Z] >>> [apiv2][body] POST https://www.googleapis.com/oauth2/v3/token [omitted]
[debug] [2023-09-01T22:08:38.780Z] <<< [apiv2][status] POST https://www.googleapis.com/oauth2/v3/token 200
[debug] [2023-09-01T22:08:38.781Z] <<< [apiv2][body] POST https://www.googleapis.com/oauth2/v3/token [omitted]
[debug] [2023-09-01T22:08:38.926Z] >>> [apiv2][query] GET https://firebase.googleapis.com/v1beta1/projects/fir-clone-f3825/adminSdkConfig [none]
[debug] [2023-09-01T22:08:39.566Z] <<< [apiv2][status] GET https://firebase.googleapis.com/v1beta1/projects/fir-clone-f3825/adminSdkConfig 200
[debug] [2023-09-01T22:08:39.567Z] <<< [apiv2][body] GET https://firebase.googleapis.com/v1beta1/projects/fir-clone-f3825/adminSdkConfig {"projectId":"fir-clone-f3825","storageBucket":"fir-clone-f3825.appspot.com"}
[debug] [2023-09-01T22:08:39.620Z] >>> [apiv2][query] GET https://firebasehosting.googleapis.com/v1beta1/projects/fir-clone-f3825/sites 
[debug] [2023-09-01T22:08:41.222Z] <<< [apiv2][status] GET https://firebasehosting.googleapis.com/v1beta1/projects/fir-clone-f3825/sites 200
[debug] [2023-09-01T22:08:41.222Z] <<< [apiv2][body] GET https://firebasehosting.googleapis.com/v1beta1/projects/fir-clone-f3825/sites {"sites":[{"name":"projects/fir-clone-f3825/sites/fir-clone-f3825","defaultUrl":"https://fir-clone-f3825.web.app","type":"DEFAULT_SITE"}]}
[debug] [2023-09-01T22:08:41.223Z] >>> [apiv2][query] GET https://firebase.googleapis.com/v1beta1/projects/fir-clone-f3825/webApps/-/config [none]
[debug] [2023-09-01T22:08:42.502Z] <<< [apiv2][status] GET https://firebase.googleapis.com/v1beta1/projects/fir-clone-f3825/webApps/-/config 200
[debug] [2023-09-01T22:08:42.503Z] <<< [apiv2][body] GET https://firebase.googleapis.com/v1beta1/projects/fir-clone-f3825/webApps/-/config {"projectId":"fir-clone-f3825","appId":"1:699666418472:web:95cd1e3edac3a478fc5e1d","storageBucket":"fir-clone-f3825.appspot.com","apiKey":"AIzaSyAiIiZ7DL1JgUE6Lrdu0CnvxBYDgCblZLM","authDomain":"fir-clone-f3825.firebaseapp.com","messagingSenderId":"699666418472"}
[debug] [2023-09-01T22:08:42.580Z] >>> [apiv2][query] GET https://firebase.googleapis.com/v1beta1/projects/fir-clone-f3825 [none]
[debug] [2023-09-01T22:08:43.235Z] <<< [apiv2][status] GET https://firebase.googleapis.com/v1beta1/projects/fir-clone-f3825 200
[debug] [2023-09-01T22:08:43.236Z] <<< [apiv2][body] GET https://firebase.googleapis.com/v1beta1/projects/fir-clone-f3825 {"projectId":"fir-clone-f3825","projectNumber":"699666418472","displayName":"amazon-demo-clone","name":"projects/fir-clone-f3825","resources":{"hostingSite":"fir-clone-f3825"},"state":"ACTIVE","etag":"1_ad8f39e3-8383-4c7f-991e-9d1459a8db40"}
[info] i  hosting[fir-clone-f3825]: Serving hosting files from: build {"metadata":{"emulator":{"name":"hosting"},"message":"Serving hosting files from: \u001b[1mbuild\u001b[22m"}}
[info] +  hosting[fir-clone-f3825]: Local server: http://127.0.0.1:5000 {"metadata":{"emulator":{"name":"hosting"},"message":"Local server: \u001b[4m\u001b[1mhttp://127.0.0.1:5000\u001b[22m\u001b[24m"}}
[info] i  ui: downloading ui-v1.11.7.zip... {"metadata":{"emulator":{"name":"ui"},"message":"downloading ui-v1.11.7.zip..."}}
[debug] [2023-09-01T22:08:43.531Z] >>> [apiv2][query] GET https://storage.googleapis.com/firebase-preview-drop/emulator/ui-v1.11.7.zip 
[debug] [2023-09-01T22:08:44.118Z] <<< [apiv2][status] GET https://storage.googleapis.com/firebase-preview-drop/emulator/ui-v1.11.7.zip 200
[debug] [2023-09-01T22:08:44.118Z] <<< [apiv2][body] GET https://storage.googleapis.com/firebase-preview-drop/emulator/ui-v1.11.7.zip [stream]
[debug] [2023-09-01T22:08:56.621Z] Data is 3064105
[debug] [2023-09-01T22:08:56.624Z] [unzip] Entry: client/ (compressed_size=0 bytes, uncompressed_size=0 bytes)
[debug] [2023-09-01T22:08:56.624Z] [unzip] Processing entry: client\
[debug] [2023-09-01T22:08:56.625Z] [unzip] mkdir: C:\Users\Awosusi Timilehin\.cache\firebase\emulators\ui-v1.11.7\client\
[debug] [2023-09-01T22:08:56.717Z] [unzip] Entry: client/favicon.ico (compressed_size=2497 bytes, uncompressed_size=7406 bytes)
[debug] [2023-09-01T22:08:56.718Z] [unzip] Processing entry: client\favicon.ico
[debug] [2023-09-01T22:08:56.719Z] [unzip] else mkdir: C:\Users\Awosusi Timilehin\.cache\firebase\emulators\ui-v1.11.7\client
[debug] [2023-09-01T22:08:56.744Z] [unzip] deflating: C:\Users\Awosusi Timilehin\.cache\firebase\emulators\ui-v1.11.7\client\favicon.ico
[debug] [2023-09-01T22:08:56.766Z] [unzip] Entry: client/apple-touch-icon.png (compressed_size=7231 bytes, uncompressed_size=7367 bytes)
[debug] [2023-09-01T22:08:56.767Z] [unzip] Processing entry: client\apple-touch-icon.png
[debug] [2023-09-01T22:08:56.767Z] [unzip] else mkdir: C:\Users\Awosusi Timilehin\.cache\firebase\emulators\ui-v1.11.7\client
[debug] [2023-09-01T22:08:56.768Z] [unzip] deflating: C:\Users\Awosusi Timilehin\.cache\firebase\emulators\ui-v1.11.7\client\apple-touch-icon.png
[debug] [2023-09-01T22:08:56.770Z] [unzip] Entry: client/android-chrome-512x512.png (compressed_size=16987 bytes, uncompressed_size=18186 bytes)
[debug] [2023-09-01T22:08:56.770Z] [unzip] Processing entry: client\android-chrome-512x512.png
[debug] [2023-09-01T22:08:56.771Z] [unzip] else mkdir: C:\Users\Awosusi Timilehin\.cache\firebase\emulators\ui-v1.11.7\client
[debug] [2023-09-01T22:08:56.772Z] [unzip] deflating: C:\Users\Awosusi Timilehin\.cache\firebase\emulators\ui-v1.11.7\client\android-chrome-512x512.png
[debug] [2023-09-01T22:08:56.776Z] [unzip] Entry: client/assets/ (compressed_size=0 bytes, uncompressed_size=0 bytes)
[debug] [2023-09-01T22:08:56.776Z] [unzip] Processing entry: client\assets\
[debug] [2023-09-01T22:08:56.777Z] [unzip] mkdir: C:\Users\Awosusi Timilehin\.cache\firebase\emulators\ui-v1.11.7\client\assets\
[debug] [2023-09-01T22:08:56.778Z] [unzip] Entry: client/assets/extensions/ (compressed_size=0 bytes, uncompressed_size=0 bytes)
[debug] [2023-09-01T22:08:56.778Z] [unzip] Processing entry: client\assets\extensions\
[debug] [2023-09-01T22:08:56.779Z] [unzip] mkdir: C:\Users\Awosusi Timilehin\.cache\firebase\emulators\ui-v1.11.7\client\assets\extensions\
[debug] [2023-09-01T22:08:56.780Z] [unzip] Entry: client/assets/extensions/default-extension.png (compressed_size=1646 bytes, uncompressed_size=1657 bytes)
[debug] [2023-09-01T22:08:56.780Z] [unzip] Processing entry: client\assets\extensions\default-extension.png
[debug] [2023-09-01T22:08:56.780Z] [unzip] else mkdir: C:\Users\Awosusi Timilehin\.cache\firebase\emulators\ui-v1.11.7\client\assets\extensions
[debug] [2023-09-01T22:08:56.781Z] [unzip] deflating: C:\Users\Awosusi Timilehin\.cache\firebase\emulators\ui-v1.11.7\client\assets\extensions\default-extension.png
[debug] [2023-09-01T22:08:56.784Z] [unzip] Entry: client/assets/index.58ca09f7.css (compressed_size=37601 bytes, uncompressed_size=321252 bytes)
[debug] [2023-09-01T22:08:56.784Z] [unzip] Processing entry: client\assets\index.58ca09f7.css
[debug] [2023-09-01T22:08:56.784Z] [unzip] else mkdir: C:\Users\Awosusi Timilehin\.cache\firebase\emulators\ui-v1.11.7\client\assets
[debug] [2023-09-01T22:08:56.785Z] [unzip] deflating: C:\Users\Awosusi Timilehin\.cache\firebase\emulators\ui-v1.11.7\client\assets\index.58ca09f7.css
[debug] [2023-09-01T22:08:56.793Z] [unzip] Entry: client/assets/index.c2583d42.js (compressed_size=526232 bytes, uncompressed_size=1860152 bytes)
[debug] [2023-09-01T22:08:56.793Z] [unzip] Processing entry: client\assets\index.c2583d42.js
[debug] [2023-09-01T22:08:56.794Z] [unzip] else mkdir: C:\Users\Awosusi Timilehin\.cache\firebase\emulators\ui-v1.11.7\client\assets
[debug] [2023-09-01T22:08:56.794Z] [unzip] deflating: C:\Users\Awosusi Timilehin\.cache\firebase\emulators\ui-v1.11.7\client\assets\index.c2583d42.js
[debug] [2023-09-01T22:08:56.826Z] [unzip] Entry: client/assets/provider-icons/ (compressed_size=0 bytes, uncompressed_size=0 bytes)
[debug] [2023-09-01T22:08:56.826Z] [unzip] Processing entry: client\assets\provider-icons\
[debug] [2023-09-01T22:08:56.827Z] [unzip] mkdir: C:\Users\Awosusi Timilehin\.cache\firebase\emulators\ui-v1.11.7\client\assets\provider-icons\
[debug] [2023-09-01T22:08:56.828Z] [unzip] Entry: client/assets/provider-icons/auth_service_oidc.svg (compressed_size=414 bytes, uncompressed_size=858 bytes)
[debug] [2023-09-01T22:08:56.829Z] [unzip] Processing entry: client\assets\provider-icons\auth_service_oidc.svg
[debug] [2023-09-01T22:08:56.829Z] [unzip] else mkdir: C:\Users\Awosusi Timilehin\.cache\firebase\emulators\ui-v1.11.7\client\assets\provider-icons
[debug] [2023-09-01T22:08:56.830Z] [unzip] deflating: C:\Users\Awosusi Timilehin\.cache\firebase\emulators\ui-v1.11.7\client\assets\provider-icons\auth_service_oidc.svg
[debug] [2023-09-01T22:08:56.833Z] [unzip] Entry: client/assets/provider-icons/auth_service_yahoo.svg (compressed_size=577 bytes, uncompressed_size=1182 bytes)
[debug] [2023-09-01T22:08:56.833Z] [unzip] Processing entry: client\assets\provider-icons\auth_service_yahoo.svg
[debug] [2023-09-01T22:08:56.833Z] [unzip] else mkdir: C:\Users\Awosusi Timilehin\.cache\firebase\emulators\ui-v1.11.7\client\assets\provider-icons
[debug] [2023-09-01T22:08:56.834Z] [unzip] deflating: C:\Users\Awosusi Timilehin\.cache\firebase\emulators\ui-v1.11.7\client\assets\provider-icons\auth_service_yahoo.svg
[debug] [2023-09-01T22:08:56.837Z] [unzip] Entry: client/assets/provider-icons/auth_service_phone.svg (compressed_size=261 bytes, uncompressed_size=414 bytes)
[debug] [2023-09-01T22:08:56.837Z] [unzip] Processing entry: client\assets\provider-icons\auth_service_phone.svg
[debug] [2023-09-01T22:08:56.838Z] [unzip] else mkdir: C:\Users\Awosusi Timilehin\.cache\firebase\emulators\ui-v1.11.7\client\assets\provider-icons
[debug] [2023-09-01T22:08:56.838Z] [unzip] deflating: C:\Users\Awosusi Timilehin\.cache\firebase\emulators\ui-v1.11.7\client\assets\provider-icons\auth_service_phone.svg
[debug] [2023-09-01T22:08:56.844Z] [unzip] Entry: client/assets/provider-icons/auth_service_saml.svg (compressed_size=575 bytes, uncompressed_size=1226 bytes)
[debug] [2023-09-01T22:08:56.844Z] [unzip] Processing entry: client\assets\provider-icons\auth_service_saml.svg
[debug] [2023-09-01T22:08:56.845Z] [unzip] else mkdir: C:\Users\Awosusi Timilehin\.cache\firebase\emulators\ui-v1.11.7\client\assets\provider-icons
[debug] [2023-09-01T22:08:56.845Z] [unzip] deflating: C:\Users\Awosusi Timilehin\.cache\firebase\emulators\ui-v1.11.7\client\assets\provider-icons\auth_service_saml.svg
[debug] [2023-09-01T22:08:56.849Z] [unzip] Entry: client/assets/provider-icons/auth_service_mslive.svg (compressed_size=203 bytes, uncompressed_size=378 bytes)
[debug] [2023-09-01T22:08:56.849Z] [unzip] Processing entry: client\assets\provider-icons\auth_service_mslive.svg
[debug] [2023-09-01T22:08:56.849Z] [unzip] else mkdir: C:\Users\Awosusi Timilehin\.cache\firebase\emulators\ui-v1.11.7\client\assets\provider-icons
[debug] [2023-09-01T22:08:56.851Z] [unzip] deflating: C:\Users\Awosusi Timilehin\.cache\firebase\emulators\ui-v1.11.7\client\assets\provider-icons\auth_service_mslive.svg
[debug] [2023-09-01T22:08:56.854Z] [unzip] Entry: client/assets/provider-icons/auth_service_facebook.svg (compressed_size=289 bytes, uncompressed_size=457 bytes)
[debug] [2023-09-01T22:08:56.855Z] [unzip] Processing entry: client\assets\provider-icons\auth_service_facebook.svg
[debug] [2023-09-01T22:08:56.855Z] [unzip] else mkdir: C:\Users\Awosusi Timilehin\.cache\firebase\emulators\ui-v1.11.7\client\assets\provider-icons
[debug] [2023-09-01T22:08:56.856Z] [unzip] deflating: C:\Users\Awosusi Timilehin\.cache\firebase\emulators\ui-v1.11.7\client\assets\provider-icons\auth_service_facebook.svg
[debug] [2023-09-01T22:08:56.859Z] [unzip] Entry: client/assets/provider-icons/auth_service_play_games.svg (compressed_size=565 bytes, uncompressed_size=1173 bytes)
[debug] [2023-09-01T22:08:56.859Z] [unzip] Processing entry: client\assets\provider-icons\auth_service_play_games.svg
[debug] [2023-09-01T22:08:56.860Z] [unzip] else mkdir: C:\Users\Awosusi Timilehin\.cache\firebase\emulators\ui-v1.11.7\client\assets\provider-icons
[debug] [2023-09-01T22:08:56.860Z] [unzip] deflating: C:\Users\Awosusi Timilehin\.cache\firebase\emulators\ui-v1.11.7\client\assets\provider-icons\auth_service_play_games.svg
[debug] [2023-09-01T22:08:56.875Z] [unzip] Entry: client/assets/provider-icons/auth_service_github.svg (compressed_size=466 bytes, uncompressed_size=838 bytes)
[debug] [2023-09-01T22:08:56.875Z] [unzip] Processing entry: client\assets\provider-icons\auth_service_github.svg
[debug] [2023-09-01T22:08:56.876Z] [unzip] else mkdir: C:\Users\Awosusi Timilehin\.cache\firebase\emulators\ui-v1.11.7\client\assets\provider-icons
[debug] [2023-09-01T22:08:56.876Z] [unzip] deflating: C:\Users\Awosusi Timilehin\.cache\firebase\emulators\ui-v1.11.7\client\assets\provider-icons\auth_service_github.svg
[debug] [2023-09-01T22:08:56.879Z] [unzip] Entry: client/assets/provider-icons/auth_service_apple.svg (compressed_size=230 bytes, uncompressed_size=334 bytes)
[debug] [2023-09-01T22:08:56.880Z] [unzip] Processing entry: client\assets\provider-icons\auth_service_apple.svg
[debug] [2023-09-01T22:08:56.880Z] [unzip] else mkdir: C:\Users\Awosusi Timilehin\.cache\firebase\emulators\ui-v1.11.7\client\assets\provider-icons
[debug] [2023-09-01T22:08:56.881Z] [unzip] deflating: C:\Users\Awosusi Timilehin\.cache\firebase\emulators\ui-v1.11.7\client\assets\provider-icons\auth_service_apple.svg
[debug] [2023-09-01T22:08:56.883Z] [unzip] Entry: client/assets/provider-icons/auth_service_google.svg (compressed_size=409 bytes, uncompressed_size=720 bytes)
[debug] [2023-09-01T22:08:56.884Z] [unzip] Processing entry: client\assets\provider-icons\auth_service_google.svg
[debug] [2023-09-01T22:08:56.884Z] [unzip] else mkdir: C:\Users\Awosusi Timilehin\.cache\firebase\emulators\ui-v1.11.7\client\assets\provider-icons
[debug] [2023-09-01T22:08:56.885Z] [unzip] deflating: C:\Users\Awosusi Timilehin\.cache\firebase\emulators\ui-v1.11.7\client\assets\provider-icons\auth_service_google.svg
[debug] [2023-09-01T22:08:56.887Z] [unzip] Entry: client/assets/provider-icons/auth_service_email.svg (compressed_size=228 bytes, uncompressed_size=326 bytes)
[debug] [2023-09-01T22:08:56.888Z] [unzip] Processing entry: client\assets\provider-icons\auth_service_email.svg
[debug] [2023-09-01T22:08:56.888Z] [unzip] else mkdir: C:\Users\Awosusi Timilehin\.cache\firebase\emulators\ui-v1.11.7\client\assets\provider-icons
[debug] [2023-09-01T22:08:56.889Z] [unzip] deflating: C:\Users\Awosusi Timilehin\.cache\firebase\emulators\ui-v1.11.7\client\assets\provider-icons\auth_service_email.svg
[debug] [2023-09-01T22:08:56.891Z] [unzip] Entry: client/assets/provider-icons/auth_service_twitter.svg (compressed_size=444 bytes, uncompressed_size=751 bytes)
[debug] [2023-09-01T22:08:56.892Z] [unzip] Processing entry: client\assets\provider-icons\auth_service_twitter.svg
[debug] [2023-09-01T22:08:56.892Z] [unzip] else mkdir: C:\Users\Awosusi Timilehin\.cache\firebase\emulators\ui-v1.11.7\client\assets\provider-icons
[debug] [2023-09-01T22:08:56.893Z] [unzip] deflating: C:\Users\Awosusi Timilehin\.cache\firebase\emulators\ui-v1.11.7\client\assets\provider-icons\auth_service_twitter.svg
[debug] [2023-09-01T22:08:56.896Z] [unzip] Entry: client/assets/provider-icons/auth_service_game_center.svg (compressed_size=991 bytes, uncompressed_size=3921 bytes)
[debug] [2023-09-01T22:08:56.896Z] [unzip] Processing entry: client\assets\provider-icons\auth_service_game_center.svg
[debug] [2023-09-01T22:08:56.896Z] [unzip] else mkdir: C:\Users\Awosusi Timilehin\.cache\firebase\emulators\ui-v1.11.7\client\assets\provider-icons
[debug] [2023-09-01T22:08:56.897Z] [unzip] deflating: C:\Users\Awosusi Timilehin\.cache\firebase\emulators\ui-v1.11.7\client\assets\provider-icons\auth_service_game_center.svg
[debug] [2023-09-01T22:08:56.902Z] [unzip] Entry: client/assets/index.c2583d42.js.map (compressed_size=1778557 bytes, uncompressed_size=7961927 bytes)
[debug] [2023-09-01T22:08:56.902Z] [unzip] Processing entry: client\assets\index.c2583d42.js.map
[debug] [2023-09-01T22:08:56.903Z] [unzip] else mkdir: C:\Users\Awosusi Timilehin\.cache\firebase\emulators\ui-v1.11.7\client\assets
[debug] [2023-09-01T22:08:56.904Z] [unzip] deflating: C:\Users\Awosusi Timilehin\.cache\firebase\emulators\ui-v1.11.7\client\assets\index.c2583d42.js.map
[debug] [2023-09-01T22:08:57.127Z] [unzip] Entry: client/assets/img/ (compressed_size=0 bytes, uncompressed_size=0 bytes)
[debug] [2023-09-01T22:08:57.128Z] [unzip] Processing entry: client\assets\img\
[debug] [2023-09-01T22:08:57.128Z] [unzip] mkdir: C:\Users\Awosusi Timilehin\.cache\firebase\emulators\ui-v1.11.7\client\assets\img\
[debug] [2023-09-01T22:08:57.129Z] [unzip] Entry: client/assets/img/database.png (compressed_size=29449 bytes, uncompressed_size=29988 bytes)
[debug] [2023-09-01T22:08:57.130Z] [unzip] Processing entry: client\assets\img\database.png
[debug] [2023-09-01T22:08:57.130Z] [unzip] else mkdir: C:\Users\Awosusi Timilehin\.cache\firebase\emulators\ui-v1.11.7\client\assets\img
[debug] [2023-09-01T22:08:57.131Z] [unzip] deflating: C:\Users\Awosusi Timilehin\.cache\firebase\emulators\ui-v1.11.7\client\assets\img\database.png
[debug] [2023-09-01T22:08:57.134Z] [unzip] Entry: client/safari-pinned-tab.svg (compressed_size=838 bytes, uncompressed_size=1504 bytes)
[debug] [2023-09-01T22:08:57.135Z] [unzip] Processing entry: client\safari-pinned-tab.svg
[debug] [2023-09-01T22:08:57.135Z] [unzip] else mkdir: C:\Users\Awosusi Timilehin\.cache\firebase\emulators\ui-v1.11.7\client
[debug] [2023-09-01T22:08:57.136Z] [unzip] deflating: C:\Users\Awosusi Timilehin\.cache\firebase\emulators\ui-v1.11.7\client\safari-pinned-tab.svg
[debug] [2023-09-01T22:08:57.139Z] [unzip] Entry: client/mstile-150x150.png (compressed_size=5406 bytes, uncompressed_size=5723 bytes)
[debug] [2023-09-01T22:08:57.140Z] [unzip] Processing entry: client\mstile-150x150.png
[debug] [2023-09-01T22:08:57.140Z] [unzip] else mkdir: C:\Users\Awosusi Timilehin\.cache\firebase\emulators\ui-v1.11.7\client
[debug] [2023-09-01T22:08:57.142Z] [unzip] deflating: C:\Users\Awosusi Timilehin\.cache\firebase\emulators\ui-v1.11.7\client\mstile-150x150.png
[debug] [2023-09-01T22:08:57.145Z] [unzip] Entry: client/browserconfig.xml (compressed_size=491 bytes, uncompressed_size=822 bytes)
[debug] [2023-09-01T22:08:57.145Z] [unzip] Processing entry: client\browserconfig.xml
[debug] [2023-09-01T22:08:57.145Z] [unzip] else mkdir: C:\Users\Awosusi Timilehin\.cache\firebase\emulators\ui-v1.11.7\client
[debug] [2023-09-01T22:08:57.146Z] [unzip] deflating: C:\Users\Awosusi Timilehin\.cache\firebase\emulators\ui-v1.11.7\client\browserconfig.xml
[debug] [2023-09-01T22:08:57.149Z] [unzip] Entry: client/robots.txt (compressed_size=26 bytes, uncompressed_size=26 bytes)
[debug] [2023-09-01T22:08:57.149Z] [unzip] Processing entry: client\robots.txt
[debug] [2023-09-01T22:08:57.149Z] [unzip] else mkdir: C:\Users\Awosusi Timilehin\.cache\firebase\emulators\ui-v1.11.7\client
[debug] [2023-09-01T22:08:57.150Z] [unzip] Writing file: C:\Users\Awosusi Timilehin\.cache\firebase\emulators\ui-v1.11.7\client\robots.txt
[debug] [2023-09-01T22:08:57.165Z] [unzip] Entry: client/index.html (compressed_size=1363 bytes, uncompressed_size=3064 bytes)
[debug] [2023-09-01T22:08:57.165Z] [unzip] Processing entry: client\index.html
[debug] [2023-09-01T22:08:57.165Z] [unzip] else mkdir: C:\Users\Awosusi Timilehin\.cache\firebase\emulators\ui-v1.11.7\client
[debug] [2023-09-01T22:08:57.166Z] [unzip] deflating: C:\Users\Awosusi Timilehin\.cache\firebase\emulators\ui-v1.11.7\client\index.html
[debug] [2023-09-01T22:08:57.169Z] [unzip] Entry: client/favicon-16x16.png (compressed_size=757 bytes, uncompressed_size=777 bytes)
[debug] [2023-09-01T22:08:57.170Z] [unzip] Processing entry: client\favicon-16x16.png
[debug] [2023-09-01T22:08:57.170Z] [unzip] else mkdir: C:\Users\Awosusi Timilehin\.cache\firebase\emulators\ui-v1.11.7\client
[debug] [2023-09-01T22:08:57.171Z] [unzip] deflating: C:\Users\Awosusi Timilehin\.cache\firebase\emulators\ui-v1.11.7\client\favicon-16x16.png
[debug] [2023-09-01T22:08:57.174Z] [unzip] Entry: client/manifest.json (compressed_size=246 bytes, uncompressed_size=551 bytes)
[debug] [2023-09-01T22:08:57.175Z] [unzip] Processing entry: client\manifest.json
[debug] [2023-09-01T22:08:57.175Z] [unzip] else mkdir: C:\Users\Awosusi Timilehin\.cache\firebase\emulators\ui-v1.11.7\client
[debug] [2023-09-01T22:08:57.176Z] [unzip] deflating: C:\Users\Awosusi Timilehin\.cache\firebase\emulators\ui-v1.11.7\client\manifest.json
[debug] [2023-09-01T22:08:57.183Z] [unzip] Entry: client/favicon-32x32.png (compressed_size=1175 bytes, uncompressed_size=1175 bytes)
[debug] [2023-09-01T22:08:57.184Z] [unzip] Processing entry: client\favicon-32x32.png
[debug] [2023-09-01T22:08:57.184Z] [unzip] else mkdir: C:\Users\Awosusi Timilehin\.cache\firebase\emulators\ui-v1.11.7\client
[debug] [2023-09-01T22:08:57.185Z] [unzip] Writing file: C:\Users\Awosusi Timilehin\.cache\firebase\emulators\ui-v1.11.7\client\favicon-32x32.png
[debug] [2023-09-01T22:08:57.187Z] [unzip] Entry: client/android-chrome-192x192.png (compressed_size=7602 bytes, uncompressed_size=7834 bytes)
[debug] [2023-09-01T22:08:57.188Z] [unzip] Processing entry: client\android-chrome-192x192.png
[debug] [2023-09-01T22:08:57.188Z] [unzip] else mkdir: C:\Users\Awosusi Timilehin\.cache\firebase\emulators\ui-v1.11.7\client
[debug] [2023-09-01T22:08:57.189Z] [unzip] deflating: C:\Users\Awosusi Timilehin\.cache\firebase\emulators\ui-v1.11.7\client\android-chrome-192x192.png
[debug] [2023-09-01T22:08:57.193Z] [unzip] Entry: server/ (compressed_size=0 bytes, uncompressed_size=0 bytes)
[debug] [2023-09-01T22:08:57.193Z] [unzip] Processing entry: server\
[debug] [2023-09-01T22:08:57.193Z] [unzip] mkdir: C:\Users\Awosusi Timilehin\.cache\firebase\emulators\ui-v1.11.7\server\
[debug] [2023-09-01T22:08:57.194Z] [unzip] Entry: server/server.js (compressed_size=343746 bytes, uncompressed_size=1346374 bytes)
[debug] [2023-09-01T22:08:57.195Z] [unzip] Processing entry: server\server.js
[debug] [2023-09-01T22:08:57.195Z] [unzip] else mkdir: C:\Users\Awosusi Timilehin\.cache\firebase\emulators\ui-v1.11.7\server
[debug] [2023-09-01T22:08:57.196Z] [unzip] deflating: C:\Users\Awosusi Timilehin\.cache\firebase\emulators\ui-v1.11.7\server\server.js
[debug] [2023-09-01T22:08:57.222Z] [unzip] Entry: server/server.js.map (compressed_size=289157 bytes, uncompressed_size=1325651 bytes)
[debug] [2023-09-01T22:08:57.223Z] [unzip] Processing entry: server\server.js.map
[debug] [2023-09-01T22:08:57.223Z] [unzip] else mkdir: C:\Users\Awosusi Timilehin\.cache\firebase\emulators\ui-v1.11.7\server
[debug] [2023-09-01T22:08:57.224Z] [unzip] deflating: C:\Users\Awosusi Timilehin\.cache\firebase\emulators\ui-v1.11.7\server\server.js.map
[debug] [2023-09-01T22:08:57.249Z] Ignoring unsupported arg: auto_download {"metadata":{"emulator":{"name":"ui"},"message":"Ignoring unsupported arg: auto_download"}}
[debug] [2023-09-01T22:08:57.250Z] Ignoring unsupported arg: port {"metadata":{"emulator":{"name":"ui"},"message":"Ignoring unsupported arg: port"}}
[debug] [2023-09-01T22:08:57.251Z] Starting Emulator UI with command {"binary":"node","args":["C:\\Users\\Awosusi Timilehin\\.cache\\firebase\\emulators\\ui-v1.11.7\\server\\server.js"],"optionalArgs":[],"joinArgs":false} {"metadata":{"emulator":{"name":"ui"},"message":"Starting Emulator UI with command {\"binary\":\"node\",\"args\":[\"C:\\\\Users\\\\Awosusi Timilehin\\\\.cache\\\\firebase\\\\emulators\\\\ui-v1.11.7\\\\server\\\\server.js\"],\"optionalArgs\":[],\"joinArgs\":false}"}}
[info] i  ui: Emulator UI logging to ui-debug.log {"metadata":{"emulator":{"name":"ui"},"message":"Emulator UI logging to \u001b[1mui-debug.log\u001b[22m"}}
[info] i  functions: Watching "C:\Users\Awosusi Timilehin\Desktop\Amazon-Clone-Demo-App\amazon-clone\functions" for Cloud Functions... {"metadata":{"emulator":{"name":"functions"},"message":"Watching \"C:\\Users\\Awosusi Timilehin\\Desktop\\Amazon-Clone-Demo-App\\amazon-clone\\functions\" for Cloud Functions..."}}
[debug] [2023-09-01T22:08:57.909Z] Validating nodejs source
[debug] [2023-09-01T22:09:07.442Z] > [functions] package.json contents: {
  "name": "functions",
  "description": "Cloud Functions for Firebase",
  "scripts": {
    "lint": "eslint .",
    "serve": "firebase emulators:start --only functions",
    "shell": "firebase functions:shell",
    "start": "npm run shell",
    "deploy": "firebase deploy --only functions",
    "logs": "firebase functions:log"
  },
  "engines": {
    "node": "18"
  },
  "main": "index.js",
  "dependencies": {
    "cors": "^2.8.5",
    "express": "^4.18.2",
    "firebase-admin": "^11.8.0",
    "firebase-functions": "^4.3.1",
    "stripe": "^13.4.0"
  },
  "devDependencies": {
    "eslint": "^8.15.0",
    "eslint-config-google": "^0.14.0",
    "firebase-functions-test": "^3.1.0"
  },
  "private": true
}
[debug] [2023-09-01T22:09:07.443Z] Building nodejs source
[debug] [2023-09-01T22:09:07.445Z] Failed to find version of module node: reached end of search path C:\Users\Awosusi Timilehin\Desktop\Amazon-Clone-Demo-App\amazon-clone\functions\node_modules
[warn] !  functions: Your requested "node" version "18" doesn't match your global version "16". Using node@16 from host. 
[debug] [2023-09-01T22:09:07.472Z] Web / API server started at 127.0.0.1:4000
Web / API server started at ::1:4000
 {"metadata":{"emulator":{"name":"ui"},"message":"Web / API server started at 127.0.0.1:4000\nWeb / API server started at ::1:4000\n"}}
[debug] [2023-09-01T22:09:07.475Z] Could not find functions.yaml. Must use http discovery
[debug] [2023-09-01T22:09:07.511Z] Found firebase-functions binary at 'C:\Users\Awosusi Timilehin\Desktop\Amazon-Clone-Demo-App\amazon-clone\functions\node_modules\.bin\firebase-functions'
[info] Serving at port 8960

[debug] [2023-09-01T22:09:17.769Z] File C:\Users\Awosusi Timilehin\Desktop\Amazon-Clone-Demo-App\amazon-clone\functions\index.js changed, reloading triggers {"metadata":{"emulator":{"name":"functions"},"message":"File C:\\Users\\Awosusi Timilehin\\Desktop\\Amazon-Clone-Demo-App\\amazon-clone\\functions\\index.js changed, reloading triggers"}}
[debug] [2023-09-01T22:09:18.780Z] Validating nodejs source
[debug] [2023-09-01T22:09:25.875Z] > [functions] package.json contents: {
  "name": "functions",
  "description": "Cloud Functions for Firebase",
  "scripts": {
    "lint": "eslint .",
    "serve": "firebase emulators:start --only functions",
    "shell": "firebase functions:shell",
    "start": "npm run shell",
    "deploy": "firebase deploy --only functions",
    "logs": "firebase functions:log"
  },
  "engines": {
    "node": "18"
  },
  "main": "index.js",
  "dependencies": {
    "cors": "^2.8.5",
    "express": "^4.18.2",
    "firebase-admin": "^11.8.0",
    "firebase-functions": "^4.3.1",
    "stripe": "^13.4.0"
  },
  "devDependencies": {
    "eslint": "^8.15.0",
    "eslint-config-google": "^0.14.0",
    "firebase-functions-test": "^3.1.0"
  },
  "private": true
}
[debug] [2023-09-01T22:09:25.876Z] Building nodejs source
[debug] [2023-09-01T22:09:25.877Z] Failed to find version of module node: reached end of search path C:\Users\Awosusi Timilehin\Desktop\Amazon-Clone-Demo-App\amazon-clone\functions\node_modules
[warn] !  functions: Your requested "node" version "18" doesn't match your global version "16". Using node@16 from host. 
[info] shutdown requested via /__/quitquitquit

[error] !!  functions: Failed to load function definition from source: FirebaseError: User code failed to load. Cannot determine backend specification {"metadata":{"emulator":{"name":"functions"},"message":"Failed to load function definition from source: FirebaseError: User code failed to load. Cannot determine backend specification"}}
[info] 
┌─────────────────────────────────────────────────────────────┐
│ ✔  All emulators ready! It is now safe to connect your app. │
│ i  View Emulator UI at http://127.0.0.1:4000/               │
└─────────────────────────────────────────────────────────────┘

┌───────────┬────────────────┬─────────────────────────────────┐
│ Emulator  │ Host:Port      │ View in Emulator UI             │
├───────────┼────────────────┼─────────────────────────────────┤
│ Functions │ 127.0.0.1:5001 │ http://127.0.0.1:4000/functions │
├───────────┼────────────────┼─────────────────────────────────┤
│ Hosting   │ 127.0.0.1:5000 │ n/a                             │
└───────────┴────────────────┴─────────────────────────────────┘
  Emulator Hub running at 127.0.0.1:4400
  Other reserved ports: 4500

Issues? Report them at https://github.com/firebase/firebase-tools/issues and attach the *-debug.log files.
 
[debug] [2023-09-01T22:09:25.962Z] Could not find functions.yaml. Must use http discovery
[debug] [2023-09-01T22:09:25.990Z] Found firebase-functions binary at 'C:\Users\Awosusi Timilehin\Desktop\Amazon-Clone-Demo-App\amazon-clone\functions\node_modules\.bin\firebase-functions'
[info] Serving at port 8144

[debug] [2023-09-01T22:09:29.503Z] Got response code 400; body Failed to generate manifest from function source: ReferenceError: api is not defined
[info] shutdown requested via /__/quitquitquit

[error] !!  functions: Failed to load function definition from source: FirebaseError: Functions codebase could not be analyzed successfully. It may have a syntax or runtime error {"metadata":{"emulator":{"name":"functions"},"message":"Failed to load function definition from source: FirebaseError: Functions codebase could not be analyzed successfully. It may have a syntax or runtime error"}}
[debug] [2023-09-01T22:15:11.734Z] ----------------------------------------------------------------------
[debug] [2023-09-01T22:15:11.741Z] Command:       C:\Program Files\nodejs\node.exe C:\Users\Awosusi Timilehin\AppData\Roaming\npm\node_modules\firebase-tools\lib\bin\firebase.js emulators:start
[debug] [2023-09-01T22:15:11.743Z] CLI Version:   12.5.2
[debug] [2023-09-01T22:15:11.744Z] Platform:      win32
[debug] [2023-09-01T22:15:11.745Z] Node Version:  v16.15.1
[debug] [2023-09-01T22:15:11.747Z] Time:          Fri Sep 01 2023 23:15:11 GMT+0100 (West Africa Standard Time)
[debug] [2023-09-01T22:15:11.748Z] ----------------------------------------------------------------------
[debug] 
[debug] [2023-09-01T22:15:12.124Z] > command requires scopes: ["email","openid","https://www.googleapis.com/auth/cloudplatformprojects.readonly","https://www.googleapis.com/auth/firebase","https://www.googleapis.com/auth/cloud-platform"]
[debug] [2023-09-01T22:15:12.126Z] > authorizing via signed-in user (awosusitimilehin09@gmail.com)
[info] i  emulators: Starting emulators: functions, hosting {"metadata":{"emulator":{"name":"hub"},"message":"Starting emulators: functions, hosting"}}
[debug] [2023-09-01T22:15:12.183Z] [logging] Logging Emulator only supports listening on one address (127.0.0.1). Not listening on ::1
[debug] [2023-09-01T22:15:12.184Z] [hosting] Hosting Emulator only supports listening on one address (127.0.0.1). Not listening on ::1
[warn] !  ui: Emulator UI unable to start on port 4000, starting on 4001 instead. {"metadata":{"emulator":{"name":"ui"},"message":"Emulator UI unable to start on port 4000, starting on 4001 instead."}}
[debug] [2023-09-01T22:15:12.192Z] assigned listening specs for emulators {"user":{"hub":[{"address":"127.0.0.1","family":"IPv4","port":4400},{"address":"::1","family":"IPv6","port":4400}],"logging":[{"address":"127.0.0.1","family":"IPv4","port":4500}],"hosting":[{"address":"127.0.0.1","family":"IPv4","port":5000}],"ui":[{"address":"127.0.0.1","family":"IPv4","port":4001},{"address":"::1","family":"IPv6","port":4001}]},"metadata":{"message":"assigned listening specs for emulators"}}
[warn] !  emulators: It seems that you are running multiple instances of the emulator suite for project fir-clone-f3825. This may result in unexpected behavior. 
[debug] [2023-09-01T22:15:12.292Z] [hub] writing locator at C:\Users\AWOSUS~1\AppData\Local\Temp\hub-fir-clone-f3825.json
[debug] [2023-09-01T22:15:12.518Z] [functions] Functions Emulator only supports listening on one address (127.0.0.1). Not listening on ::1
[debug] [2023-09-01T22:15:12.518Z] [eventarc] Eventarc Emulator only supports listening on one address (127.0.0.1). Not listening on ::1
[debug] [2023-09-01T22:15:12.519Z] late-assigned ports for functions and eventarc emulators {"user":{"hub":[{"address":"127.0.0.1","family":"IPv4","port":4400},{"address":"::1","family":"IPv6","port":4400}],"logging":[{"address":"127.0.0.1","family":"IPv4","port":4500}],"hosting":[{"address":"127.0.0.1","family":"IPv4","port":5000}],"ui":[{"address":"127.0.0.1","family":"IPv4","port":4001},{"address":"::1","family":"IPv6","port":4001}],"functions":[{"address":"127.0.0.1","family":"IPv4","port":5001}],"eventarc":[{"address":"127.0.0.1","family":"IPv4","port":9299}]},"metadata":{"message":"late-assigned ports for functions and eventarc emulators"}}
[warn] !  functions: The following emulators are not running, calls to these services from the Functions emulator will affect production: auth, firestore, database, pubsub, storage {"metadata":{"emulator":{"name":"functions"},"message":"The following emulators are not running, calls to these services from the Functions emulator will affect production: \u001b[1mauth, firestore, database, pubsub, storage\u001b[22m"}}
[debug] [2023-09-01T22:15:12.563Z] defaultcredentials: writing to file C:\Users\Awosusi Timilehin\AppData\Roaming\firebase\awosusitimilehin09_gmail_com_application_default_credentials.json
[debug] [2023-09-01T22:15:12.577Z] Setting GAC to C:\Users\Awosusi Timilehin\AppData\Roaming\firebase\awosusitimilehin09_gmail_com_application_default_credentials.json {"metadata":{"emulator":{"name":"functions"},"message":"Setting GAC to C:\\Users\\Awosusi Timilehin\\AppData\\Roaming\\firebase\\awosusitimilehin09_gmail_com_application_default_credentials.json"}}
[debug] [2023-09-01T22:15:12.587Z] >>> [apiv2][query] GET https://firebase.googleapis.com/v1beta1/projects/fir-clone-f3825/adminSdkConfig [none]
[debug] [2023-09-01T22:15:13.606Z] <<< [apiv2][status] GET https://firebase.googleapis.com/v1beta1/projects/fir-clone-f3825/adminSdkConfig 200
[debug] [2023-09-01T22:15:13.607Z] <<< [apiv2][body] GET https://firebase.googleapis.com/v1beta1/projects/fir-clone-f3825/adminSdkConfig {"projectId":"fir-clone-f3825","storageBucket":"fir-clone-f3825.appspot.com"}
[debug] [2023-09-01T22:15:13.692Z] >>> [apiv2][query] GET https://firebasehosting.googleapis.com/v1beta1/projects/fir-clone-f3825/sites 
[debug] [2023-09-01T22:15:15.056Z] <<< [apiv2][status] GET https://firebasehosting.googleapis.com/v1beta1/projects/fir-clone-f3825/sites 200
[debug] [2023-09-01T22:15:15.057Z] <<< [apiv2][body] GET https://firebasehosting.googleapis.com/v1beta1/projects/fir-clone-f3825/sites {"sites":[{"name":"projects/fir-clone-f3825/sites/fir-clone-f3825","defaultUrl":"https://fir-clone-f3825.web.app","type":"DEFAULT_SITE"}]}
[debug] [2023-09-01T22:15:15.058Z] >>> [apiv2][query] GET https://firebase.googleapis.com/v1beta1/projects/fir-clone-f3825/webApps/-/config [none]
[debug] [2023-09-01T22:15:16.167Z] <<< [apiv2][status] GET https://firebase.googleapis.com/v1beta1/projects/fir-clone-f3825/webApps/-/config 200
[debug] [2023-09-01T22:15:16.168Z] <<< [apiv2][body] GET https://firebase.googleapis.com/v1beta1/projects/fir-clone-f3825/webApps/-/config {"projectId":"fir-clone-f3825","appId":"1:699666418472:web:95cd1e3edac3a478fc5e1d","storageBucket":"fir-clone-f3825.appspot.com","apiKey":"AIzaSyAiIiZ7DL1JgUE6Lrdu0CnvxBYDgCblZLM","authDomain":"fir-clone-f3825.firebaseapp.com","messagingSenderId":"699666418472"}
[debug] [2023-09-01T22:15:16.232Z] >>> [apiv2][query] GET https://firebase.googleapis.com/v1beta1/projects/fir-clone-f3825 [none]
[debug] [2023-09-01T22:15:16.804Z] <<< [apiv2][status] GET https://firebase.googleapis.com/v1beta1/projects/fir-clone-f3825 200
[debug] [2023-09-01T22:15:16.805Z] <<< [apiv2][body] GET https://firebase.googleapis.com/v1beta1/projects/fir-clone-f3825 {"projectId":"fir-clone-f3825","projectNumber":"699666418472","displayName":"amazon-demo-clone","name":"projects/fir-clone-f3825","resources":{"hostingSite":"fir-clone-f3825"},"state":"ACTIVE","etag":"1_ad8f39e3-8383-4c7f-991e-9d1459a8db40"}
[info] i  hosting[fir-clone-f3825]: Serving hosting files from: build {"metadata":{"emulator":{"name":"hosting"},"message":"Serving hosting files from: \u001b[1mbuild\u001b[22m"}}
[info] +  hosting[fir-clone-f3825]: Local server: http://127.0.0.1:5000 {"metadata":{"emulator":{"name":"hosting"},"message":"Local server: \u001b[4m\u001b[1mhttp://127.0.0.1:5000\u001b[22m\u001b[24m"}}
[debug] [2023-09-01T22:15:16.997Z] Ignoring unsupported arg: auto_download {"metadata":{"emulator":{"name":"ui"},"message":"Ignoring unsupported arg: auto_download"}}
[debug] [2023-09-01T22:15:16.998Z] Ignoring unsupported arg: port {"metadata":{"emulator":{"name":"ui"},"message":"Ignoring unsupported arg: port"}}
[debug] [2023-09-01T22:15:16.998Z] Starting Emulator UI with command {"binary":"node","args":["C:\\Users\\Awosusi Timilehin\\.cache\\firebase\\emulators\\ui-v1.11.7\\server\\server.js"],"optionalArgs":[],"joinArgs":false} {"metadata":{"emulator":{"name":"ui"},"message":"Starting Emulator UI with command {\"binary\":\"node\",\"args\":[\"C:\\\\Users\\\\Awosusi Timilehin\\\\.cache\\\\firebase\\\\emulators\\\\ui-v1.11.7\\\\server\\\\server.js\"],\"optionalArgs\":[],\"joinArgs\":false}"}}
[info] i  ui: Emulator UI logging to ui-debug.log {"metadata":{"emulator":{"name":"ui"},"message":"Emulator UI logging to \u001b[1mui-debug.log\u001b[22m"}}
[debug] [2023-09-01T22:15:17.549Z] Web / API server started at 127.0.0.1:4001
 {"metadata":{"emulator":{"name":"ui"},"message":"Web / API server started at 127.0.0.1:4001\n"}}
[debug] [2023-09-01T22:15:17.551Z] Web / API server started at ::1:4001
 {"metadata":{"emulator":{"name":"ui"},"message":"Web / API server started at ::1:4001\n"}}
[info] i  functions: Watching "C:\Users\Awosusi Timilehin\Desktop\Amazon-Clone-Demo-App\amazon-clone\functions" for Cloud Functions... {"metadata":{"emulator":{"name":"functions"},"message":"Watching \"C:\\Users\\Awosusi Timilehin\\Desktop\\Amazon-Clone-Demo-App\\amazon-clone\\functions\" for Cloud Functions..."}}
[debug] [2023-09-01T22:15:17.616Z] Validating nodejs source
[debug] [2023-09-01T22:15:22.103Z] > [functions] package.json contents: {
  "name": "functions",
  "description": "Cloud Functions for Firebase",
  "scripts": {
    "lint": "eslint .",
    "serve": "firebase emulators:start --only functions",
    "shell": "firebase functions:shell",
    "start": "npm run shell",
    "deploy": "firebase deploy --only functions",
    "logs": "firebase functions:log"
  },
  "engines": {
    "node": "18"
  },
  "main": "index.js",
  "dependencies": {
    "cors": "^2.8.5",
    "express": "^4.18.2",
    "firebase-admin": "^11.8.0",
    "firebase-functions": "^4.3.1",
    "stripe": "^13.4.0"
  },
  "devDependencies": {
    "eslint": "^8.15.0",
    "eslint-config-google": "^0.14.0",
    "firebase-functions-test": "^3.1.0"
  },
  "private": true
}
[debug] [2023-09-01T22:15:22.104Z] Building nodejs source
[debug] [2023-09-01T22:15:22.105Z] Failed to find version of module node: reached end of search path C:\Users\Awosusi Timilehin\Desktop\Amazon-Clone-Demo-App\amazon-clone\functions\node_modules
[warn] !  functions: Your requested "node" version "18" doesn't match your global version "16". Using node@16 from host. 
[debug] [2023-09-01T22:15:22.116Z] Could not find functions.yaml. Must use http discovery
[debug] [2023-09-01T22:15:22.203Z] Found firebase-functions binary at 'C:\Users\Awosusi Timilehin\Desktop\Amazon-Clone-Demo-App\amazon-clone\functions\node_modules\.bin\firebase-functions'
[info] Serving at port 8826

[info] shutdown requested via /__/quitquitquit

[error] !!  functions: Failed to load function definition from source: FirebaseError: User code failed to load. Cannot determine backend specification {"metadata":{"emulator":{"name":"functions"},"message":"Failed to load function definition from source: FirebaseError: User code failed to load. Cannot determine backend specification"}}
[info] 
┌─────────────────────────────────────────────────────────────┐
│ ✔  All emulators ready! It is now safe to connect your app. │
│ i  View Emulator UI at http://127.0.0.1:4001/               │
└─────────────────────────────────────────────────────────────┘

┌───────────┬────────────────┬─────────────────────────────────┐
│ Emulator  │ Host:Port      │ View in Emulator UI             │
├───────────┼────────────────┼─────────────────────────────────┤
│ Functions │ 127.0.0.1:5001 │ http://127.0.0.1:4001/functions │
├───────────┼────────────────┼─────────────────────────────────┤
│ Hosting   │ 127.0.0.1:5000 │ n/a                             │
└───────────┴────────────────┴─────────────────────────────────┘
  Emulator Hub running at 127.0.0.1:4400
  Other reserved ports: 4500

Issues? Report them at https://github.com/firebase/firebase-tools/issues and attach the *-debug.log files.
 
[debug] [2023-09-01T22:53:45.164Z] ----------------------------------------------------------------------
[debug] [2023-09-01T22:53:45.172Z] Command:       C:\Program Files\nodejs\node.exe C:\Users\Awosusi Timilehin\AppData\Roaming\npm\node_modules\firebase-tools\lib\bin\firebase.js emulators:start
[debug] [2023-09-01T22:53:45.174Z] CLI Version:   12.5.2
[debug] [2023-09-01T22:53:45.175Z] Platform:      win32
[debug] [2023-09-01T22:53:45.175Z] Node Version:  v16.15.1
[debug] [2023-09-01T22:53:45.178Z] Time:          Fri Sep 01 2023 23:53:45 GMT+0100 (West Africa Standard Time)
[debug] [2023-09-01T22:53:45.178Z] ----------------------------------------------------------------------
[debug] 
[debug] [2023-09-01T22:53:45.519Z] > command requires scopes: ["email","openid","https://www.googleapis.com/auth/cloudplatformprojects.readonly","https://www.googleapis.com/auth/firebase","https://www.googleapis.com/auth/cloud-platform"]
[debug] [2023-09-01T22:53:45.520Z] > authorizing via signed-in user (awosusitimilehin09@gmail.com)
[info] i  emulators: Starting emulators: functions, hosting {"metadata":{"emulator":{"name":"hub"},"message":"Starting emulators: functions, hosting"}}
[debug] [2023-09-01T22:53:45.575Z] [logging] Logging Emulator only supports listening on one address (127.0.0.1). Not listening on ::1
[debug] [2023-09-01T22:53:45.576Z] [hosting] Hosting Emulator only supports listening on one address (127.0.0.1). Not listening on ::1
[warn] !  ui: Emulator UI unable to start on port 4000, starting on 4002 instead. {"metadata":{"emulator":{"name":"ui"},"message":"Emulator UI unable to start on port 4000, starting on 4002 instead."}}
[debug] [2023-09-01T22:53:45.586Z] assigned listening specs for emulators {"user":{"hub":[{"address":"127.0.0.1","family":"IPv4","port":4400},{"address":"::1","family":"IPv6","port":4400}],"logging":[{"address":"127.0.0.1","family":"IPv4","port":4500}],"hosting":[{"address":"127.0.0.1","family":"IPv4","port":5000}],"ui":[{"address":"127.0.0.1","family":"IPv4","port":4002},{"address":"::1","family":"IPv6","port":4002}]},"metadata":{"message":"assigned listening specs for emulators"}}
[warn] !  emulators: It seems that you are running multiple instances of the emulator suite for project fir-clone-f3825. This may result in unexpected behavior. 
[debug] [2023-09-01T22:53:45.649Z] [hub] writing locator at C:\Users\AWOSUS~1\AppData\Local\Temp\hub-fir-clone-f3825.json
[debug] [2023-09-01T22:53:45.924Z] [functions] Functions Emulator only supports listening on one address (127.0.0.1). Not listening on ::1
[debug] [2023-09-01T22:53:45.925Z] [eventarc] Eventarc Emulator only supports listening on one address (127.0.0.1). Not listening on ::1
[debug] [2023-09-01T22:53:45.950Z] late-assigned ports for functions and eventarc emulators {"user":{"hub":[{"address":"127.0.0.1","family":"IPv4","port":4400},{"address":"::1","family":"IPv6","port":4400}],"logging":[{"address":"127.0.0.1","family":"IPv4","port":4500}],"hosting":[{"address":"127.0.0.1","family":"IPv4","port":5000}],"ui":[{"address":"127.0.0.1","family":"IPv4","port":4002},{"address":"::1","family":"IPv6","port":4002}],"functions":[{"address":"127.0.0.1","family":"IPv4","port":5001}],"eventarc":[{"address":"127.0.0.1","family":"IPv4","port":9299}]},"metadata":{"message":"late-assigned ports for functions and eventarc emulators"}}
[warn] !  functions: The following emulators are not running, calls to these services from the Functions emulator will affect production: auth, firestore, database, pubsub, storage {"metadata":{"emulator":{"name":"functions"},"message":"The following emulators are not running, calls to these services from the Functions emulator will affect production: \u001b[1mauth, firestore, database, pubsub, storage\u001b[22m"}}
[debug] [2023-09-01T22:53:45.995Z] defaultcredentials: writing to file C:\Users\Awosusi Timilehin\AppData\Roaming\firebase\awosusitimilehin09_gmail_com_application_default_credentials.json
[debug] [2023-09-01T22:53:46.010Z] Setting GAC to C:\Users\Awosusi Timilehin\AppData\Roaming\firebase\awosusitimilehin09_gmail_com_application_default_credentials.json {"metadata":{"emulator":{"name":"functions"},"message":"Setting GAC to C:\\Users\\Awosusi Timilehin\\AppData\\Roaming\\firebase\\awosusitimilehin09_gmail_com_application_default_credentials.json"}}
[debug] [2023-09-01T22:53:46.027Z] > refreshing access token with scopes: []
[debug] [2023-09-01T22:53:46.033Z] >>> [apiv2][query] POST https://www.googleapis.com/oauth2/v3/token [none]
[debug] [2023-09-01T22:53:46.034Z] >>> [apiv2][body] POST https://www.googleapis.com/oauth2/v3/token [omitted]
[debug] [2023-09-01T22:53:46.515Z] <<< [apiv2][status] POST https://www.googleapis.com/oauth2/v3/token 200
[debug] [2023-09-01T22:53:46.515Z] <<< [apiv2][body] POST https://www.googleapis.com/oauth2/v3/token [omitted]
[debug] [2023-09-01T22:53:46.579Z] >>> [apiv2][query] GET https://firebase.googleapis.com/v1beta1/projects/fir-clone-f3825/adminSdkConfig [none]
[debug] [2023-09-01T22:53:47.166Z] <<< [apiv2][status] GET https://firebase.googleapis.com/v1beta1/projects/fir-clone-f3825/adminSdkConfig 200
[debug] [2023-09-01T22:53:47.167Z] <<< [apiv2][body] GET https://firebase.googleapis.com/v1beta1/projects/fir-clone-f3825/adminSdkConfig {"projectId":"fir-clone-f3825","storageBucket":"fir-clone-f3825.appspot.com"}
[debug] [2023-09-01T22:53:47.243Z] >>> [apiv2][query] GET https://firebasehosting.googleapis.com/v1beta1/projects/fir-clone-f3825/sites 
[debug] [2023-09-01T22:53:48.590Z] <<< [apiv2][status] GET https://firebasehosting.googleapis.com/v1beta1/projects/fir-clone-f3825/sites 200
[debug] [2023-09-01T22:53:48.590Z] <<< [apiv2][body] GET https://firebasehosting.googleapis.com/v1beta1/projects/fir-clone-f3825/sites {"sites":[{"name":"projects/fir-clone-f3825/sites/fir-clone-f3825","defaultUrl":"https://fir-clone-f3825.web.app","type":"DEFAULT_SITE"}]}
[debug] [2023-09-01T22:53:48.591Z] >>> [apiv2][query] GET https://firebase.googleapis.com/v1beta1/projects/fir-clone-f3825/webApps/-/config [none]
[debug] [2023-09-01T22:53:49.560Z] <<< [apiv2][status] GET https://firebase.googleapis.com/v1beta1/projects/fir-clone-f3825/webApps/-/config 200
[debug] [2023-09-01T22:53:49.560Z] <<< [apiv2][body] GET https://firebase.googleapis.com/v1beta1/projects/fir-clone-f3825/webApps/-/config {"projectId":"fir-clone-f3825","appId":"1:699666418472:web:95cd1e3edac3a478fc5e1d","storageBucket":"fir-clone-f3825.appspot.com","apiKey":"AIzaSyAiIiZ7DL1JgUE6Lrdu0CnvxBYDgCblZLM","authDomain":"fir-clone-f3825.firebaseapp.com","messagingSenderId":"699666418472"}
[debug] [2023-09-01T22:53:49.611Z] >>> [apiv2][query] GET https://firebase.googleapis.com/v1beta1/projects/fir-clone-f3825 [none]
[debug] [2023-09-01T22:53:50.143Z] <<< [apiv2][status] GET https://firebase.googleapis.com/v1beta1/projects/fir-clone-f3825 200
[debug] [2023-09-01T22:53:50.143Z] <<< [apiv2][body] GET https://firebase.googleapis.com/v1beta1/projects/fir-clone-f3825 {"projectId":"fir-clone-f3825","projectNumber":"699666418472","displayName":"amazon-demo-clone","name":"projects/fir-clone-f3825","resources":{"hostingSite":"fir-clone-f3825"},"state":"ACTIVE","etag":"1_ad8f39e3-8383-4c7f-991e-9d1459a8db40"}
[info] i  hosting[fir-clone-f3825]: Serving hosting files from: build {"metadata":{"emulator":{"name":"hosting"},"message":"Serving hosting files from: \u001b[1mbuild\u001b[22m"}}
[info] +  hosting[fir-clone-f3825]: Local server: http://127.0.0.1:5000 {"metadata":{"emulator":{"name":"hosting"},"message":"Local server: \u001b[4m\u001b[1mhttp://127.0.0.1:5000\u001b[22m\u001b[24m"}}
[debug] [2023-09-01T22:53:50.208Z] Ignoring unsupported arg: auto_download {"metadata":{"emulator":{"name":"ui"},"message":"Ignoring unsupported arg: auto_download"}}
[debug] [2023-09-01T22:53:50.209Z] Ignoring unsupported arg: port {"metadata":{"emulator":{"name":"ui"},"message":"Ignoring unsupported arg: port"}}
[debug] [2023-09-01T22:53:50.209Z] Starting Emulator UI with command {"binary":"node","args":["C:\\Users\\Awosusi Timilehin\\.cache\\firebase\\emulators\\ui-v1.11.7\\server\\server.js"],"optionalArgs":[],"joinArgs":false} {"metadata":{"emulator":{"name":"ui"},"message":"Starting Emulator UI with command {\"binary\":\"node\",\"args\":[\"C:\\\\Users\\\\Awosusi Timilehin\\\\.cache\\\\firebase\\\\emulators\\\\ui-v1.11.7\\\\server\\\\server.js\"],\"optionalArgs\":[],\"joinArgs\":false}"}}
[info] i  ui: Emulator UI logging to ui-debug.log {"metadata":{"emulator":{"name":"ui"},"message":"Emulator UI logging to \u001b[1mui-debug.log\u001b[22m"}}
[debug] [2023-09-01T22:53:50.730Z] Web / API server started at 127.0.0.1:4002
 {"metadata":{"emulator":{"name":"ui"},"message":"Web / API server started at 127.0.0.1:4002\n"}}
[debug] [2023-09-01T22:53:50.732Z] Web / API server started at ::1:4002
 {"metadata":{"emulator":{"name":"ui"},"message":"Web / API server started at ::1:4002\n"}}
[info] i  functions: Watching "C:\Users\Awosusi Timilehin\Desktop\Amazon-Clone-Demo-App\amazon-clone\functions" for Cloud Functions... {"metadata":{"emulator":{"name":"functions"},"message":"Watching \"C:\\Users\\Awosusi Timilehin\\Desktop\\Amazon-Clone-Demo-App\\amazon-clone\\functions\" for Cloud Functions..."}}
[debug] [2023-09-01T22:53:50.816Z] Validating nodejs source
[debug] [2023-09-01T22:54:00.928Z] checkFunctionsSDKVersion was unable to fetch information from NPM Error: spawnSync C:\WINDOWS\system32\cmd.exe ETIMEDOUT
    at Object.spawnSync (node:internal/child_process:1111:20)
    at Object.spawnSync (node:child_process:814:24)
    at Function.spawnSync [as sync] (C:\Users\Awosusi Timilehin\AppData\Roaming\npm\node_modules\firebase-tools\node_modules\cross-spawn\index.js:26:23)
    at Object.getLatestSDKVersion (C:\Users\Awosusi Timilehin\AppData\Roaming\npm\node_modules\firebase-tools\lib\deploy\functions\runtimes\node\versioning.js:54:25)
    at Object.checkFunctionsSDKVersion (C:\Users\Awosusi Timilehin\AppData\Roaming\npm\node_modules\firebase-tools\lib\deploy\functions\runtimes\node\versioning.js:74:32)
    at Delegate.validate (C:\Users\Awosusi Timilehin\AppData\Roaming\npm\node_modules\firebase-tools\lib\deploy\functions\runtimes\node\index.js:84:20)
    at FunctionsEmulator.discoverTriggers (C:\Users\Awosusi Timilehin\AppData\Roaming\npm\node_modules\firebase-tools\lib\emulator\functionsEmulator.js:296:35)
    at async FunctionsEmulator.loadTriggers (C:\Users\Awosusi Timilehin\AppData\Roaming\npm\node_modules\firebase-tools\lib\emulator\functionsEmulator.js:325:34)
    at async FunctionsEmulator.connect (C:\Users\Awosusi Timilehin\AppData\Roaming\npm\node_modules\firebase-tools\lib\emulator\functionsEmulator.js:262:13)
    at async Object.startAll (C:\Users\Awosusi Timilehin\AppData\Roaming\npm\node_modules\firebase-tools\lib\emulator\controller.js:562:13)
[debug] [2023-09-01T22:54:00.930Z] > [functions] package.json contents: {
  "name": "functions",
  "description": "Cloud Functions for Firebase",
  "scripts": {
    "lint": "eslint .",
    "serve": "firebase emulators:start --only functions",
    "shell": "firebase functions:shell",
    "start": "npm run shell",
    "deploy": "firebase deploy --only functions",
    "logs": "firebase functions:log"
  },
  "engines": {
    "node": "18"
  },
  "main": "index.js",
  "dependencies": {
    "cors": "^2.8.5",
    "express": "^4.18.2",
    "firebase-admin": "^11.8.0",
    "firebase-functions": "^4.3.1",
    "stripe": "^13.4.0"
  },
  "devDependencies": {
    "eslint": "^8.15.0",
    "eslint-config-google": "^0.14.0",
    "firebase-functions-test": "^3.1.0"
  },
  "private": true
}
[debug] [2023-09-01T22:54:00.931Z] Building nodejs source
[debug] [2023-09-01T22:54:00.933Z] Failed to find version of module node: reached end of search path C:\Users\Awosusi Timilehin\Desktop\Amazon-Clone-Demo-App\amazon-clone\functions\node_modules
[warn] !  functions: Your requested "node" version "18" doesn't match your global version "16". Using node@16 from host. 
[debug] [2023-09-01T22:54:00.942Z] Could not find functions.yaml. Must use http discovery
[debug] [2023-09-01T22:54:00.958Z] Found firebase-functions binary at 'C:\Users\Awosusi Timilehin\Desktop\Amazon-Clone-Demo-App\amazon-clone\functions\node_modules\.bin\firebase-functions'
[info] Serving at port 8976

[debug] [2023-09-01T22:54:10.441Z] Got response code 400; body Failed to generate manifest from function source: ReferenceError: api is not defined
[info] shutdown requested via /__/quitquitquit

[error] !!  functions: Failed to load function definition from source: FirebaseError: Functions codebase could not be analyzed successfully. It may have a syntax or runtime error {"metadata":{"emulator":{"name":"functions"},"message":"Failed to load function definition from source: FirebaseError: Functions codebase could not be analyzed successfully. It may have a syntax or runtime error"}}
[info] 
┌─────────────────────────────────────────────────────────────┐
│ ✔  All emulators ready! It is now safe to connect your app. │
│ i  View Emulator UI at http://127.0.0.1:4002/               │
└─────────────────────────────────────────────────────────────┘

┌───────────┬────────────────┬─────────────────────────────────┐
│ Emulator  │ Host:Port      │ View in Emulator UI             │
├───────────┼────────────────┼─────────────────────────────────┤
│ Functions │ 127.0.0.1:5001 │ http://127.0.0.1:4002/functions │
├───────────┼────────────────┼─────────────────────────────────┤
│ Hosting   │ 127.0.0.1:5000 │ n/a                             │
└───────────┴────────────────┴─────────────────────────────────┘
  Emulator Hub running at 127.0.0.1:4400
  Other reserved ports: 4500

Issues? Report them at https://github.com/firebase/firebase-tools/issues and attach the *-debug.log files.
 
